2015-11-10 15:26:56 10fc InnoDB: Warning: Using innodb_additional_mem_pool_size is DEPRECATED. This option may be removed in future releases, together with the option innodb_use_sys_malloc and with the InnoDB's internal memory allocator.
2015-11-10 15:26:56 4348 [Note] InnoDB: Using mutexes to ref count buffer pool pages
2015-11-10 15:26:56 4348 [Note] InnoDB: The InnoDB memory heap is disabled
2015-11-10 15:26:56 4348 [Note] InnoDB: Mutexes and rw_locks use Windows interlocked functions
2015-11-10 15:26:56 4348 [Note] InnoDB: Memory barrier is not used
2015-11-10 15:26:56 4348 [Note] InnoDB: Compressed tables use zlib 1.2.3
2015-11-10 15:26:56 4348 [Note] InnoDB: Not using CPU crc32 instructions
2015-11-10 15:26:56 4348 [Note] InnoDB: Initializing buffer pool, size = 16.0M
2015-11-10 15:26:56 4348 [Note] InnoDB: Completed initialization of buffer pool
2015-11-10 15:26:56 4348 [Note] InnoDB: Highest supported file format is Barracuda.
2015-11-10 15:26:57 4348 [Note] InnoDB: 128 rollback segment(s) are active.
2015-11-10 15:26:57 4348 [Note] InnoDB: Waiting for purge to start
2015-11-10 15:26:57 4348 [Note] InnoDB:  Percona XtraDB (http://www.percona.com) 5.6.26-74.0 started; log sequence number 1835027
2015-11-10 15:26:57 6140 [Note] InnoDB: Dumping buffer pool(s) not yet started
2015-11-10 15:26:57 4348 [Note] Plugin 'FEEDBACK' is disabled.
2015-11-10 15:26:57 4348 [Note] Server socket created on IP: '::'.
2015-11-10 15:26:57 4348 [Note] Event Scheduler: Loaded 0 events
2015-11-10 15:26:57 4348 [Note] C:\xampp\mysql\bin\mysqld.exe: ready for connections.
Version: '10.1.8-MariaDB'  socket: ''  port: 3306  mariadb.org binary distribution
2015-11-10 15:27:11 5152 [Note] C:\xampp\mysql\bin\mysqld.exe: Normal shutdown

2015-11-10 15:27:11 5152 [Note] Event Scheduler: Purging the queue. 0 events
2015-11-10 15:27:11 5732 [Note] InnoDB: FTS optimize thread exiting.
2015-11-10 15:27:11 5152 [Note] InnoDB: Starting shutdown...
2015-11-10 15:27:13 5152 [Note] InnoDB: Shutdown completed; log sequence number 1835037
2015-11-10 15:27:13 5152 [Note] C:\xampp\mysql\bin\mysqld.exe: Shutdown complete

2017-05-24 15:59:52 1d34 InnoDB: Warning: Using innodb_additional_mem_pool_size is DEPRECATED. This option may be removed in future releases, together with the option innodb_use_sys_malloc and with the InnoDB's internal memory allocator.
2017-05-24 15:59:52 7476 [Note] InnoDB: innodb_empty_free_list_algorithm has been changed to legacy because of small buffer pool size. In order to use backoff, increase buffer pool at least up to 20MB.

2017-05-24 15:59:52 7476 [Note] InnoDB: Using mutexes to ref count buffer pool pages
2017-05-24 15:59:52 7476 [Note] InnoDB: The InnoDB memory heap is disabled
2017-05-24 15:59:52 7476 [Note] InnoDB: Mutexes and rw_locks use Windows interlocked functions
2017-05-24 15:59:52 7476 [Note] InnoDB: _mm_lfence() and _mm_sfence() are used for memory barrier
2017-05-24 15:59:52 7476 [Note] InnoDB: Compressed tables use zlib 1.2.3
2017-05-24 15:59:52 7476 [Note] InnoDB: Using generic crc32 instructions
2017-05-24 15:59:52 7476 [Note] InnoDB: Initializing buffer pool, size = 16.0M
2017-05-24 15:59:52 7476 [Note] InnoDB: Completed initialization of buffer pool
2017-05-24 15:59:52 7476 [Note] InnoDB: Highest supported file format is Barracuda.
2017-05-24 15:59:52 7476 [Note] InnoDB: 128 rollback segment(s) are active.
2017-05-24 15:59:52 7476 [Note] InnoDB: Waiting for purge to start
2017-05-24 15:59:52 7476 [Note] InnoDB:  Percona XtraDB (http://www.percona.com) 5.6.34-79.1 started; log sequence number 1835037
2017-05-24 15:59:52 11380 [Note] InnoDB: Dumping buffer pool(s) not yet started
2017-05-24 15:59:52 7476 [Note] Plugin 'FEEDBACK' is disabled.
2017-05-24 15:59:52 7476 [Note] Server socket created on IP: '::'.
2017-05-24 15:59:52 7476 [Note] c:\xampp\mysql\bin\mysqld.exe: ready for connections.
Version: '10.1.21-MariaDB'  socket: ''  port: 3306  mariadb.org binary distribution
2017-05-26 13:09:35 3214 InnoDB: Warning: Using innodb_additional_mem_pool_size is DEPRECATED. This option may be removed in future releases, together with the option innodb_use_sys_malloc and with the InnoDB's internal memory allocator.
2017-05-26 13:09:35 12820 [Note] InnoDB: innodb_empty_free_list_algorithm has been changed to legacy because of small buffer pool size. In order to use backoff, increase buffer pool at least up to 20MB.

2017-05-26 13:09:35 12820 [Note] InnoDB: Using mutexes to ref count buffer pool pages
2017-05-26 13:09:35 12820 [Note] InnoDB: The InnoDB memory heap is disabled
2017-05-26 13:09:35 12820 [Note] InnoDB: Mutexes and rw_locks use Windows interlocked functions
2017-05-26 13:09:35 12820 [Note] InnoDB: _mm_lfence() and _mm_sfence() are used for memory barrier
2017-05-26 13:09:35 12820 [Note] InnoDB: Compressed tables use zlib 1.2.3
2017-05-26 13:09:35 12820 [Note] InnoDB: Using generic crc32 instructions
2017-05-26 13:09:35 12820 [Note] InnoDB: Initializing buffer pool, size = 16.0M
2017-05-26 13:09:35 12820 [Note] InnoDB: Completed initialization of buffer pool
2017-05-26 13:09:35 12820 [Note] InnoDB: Highest supported file format is Barracuda.
2017-05-26 13:09:35 12820 [Note] InnoDB: The log sequence numbers 1835037 and 1835037 in ibdata files do not match the log sequence number 1973680 in the ib_logfiles!
2017-05-26 13:09:35 12820 [Note] InnoDB: Database was not shutdown normally!
2017-05-26 13:09:35 12820 [Note] InnoDB: Starting crash recovery.
2017-05-26 13:09:35 12820 [Note] InnoDB: Reading tablespace information from the .ibd files...
2017-05-26 13:09:35 12820 [Note] InnoDB: Restoring possible half-written data pages 
2017-05-26 13:09:35 12820 [Note] InnoDB: from the doublewrite buffer...
2017-05-26 13:09:36 12820 [Note] InnoDB: 128 rollback segment(s) are active.
2017-05-26 13:09:36 12820 [Note] InnoDB: Waiting for purge to start
2017-05-26 13:09:36 12820 [Note] InnoDB:  Percona XtraDB (http://www.percona.com) 5.6.34-79.1 started; log sequence number 1973680
2017-05-26 13:09:36 10052 [Note] InnoDB: Dumping buffer pool(s) not yet started
2017-05-26 13:09:36 12820 [Note] Plugin 'FEEDBACK' is disabled.
2017-05-26 13:09:36 12820 [Note] Server socket created on IP: '::'.
2017-05-26 13:09:36 12820 [Note] c:\xampp\mysql\bin\mysqld.exe: ready for connections.
Version: '10.1.21-MariaDB'  socket: ''  port: 3306  mariadb.org binary distribution
2017-05-26 13:10:26 5256 [ERROR] Incorrect definition of table mysql.column_stats: expected column 'min_value' at position 3 to have type varbinary(255), found type varchar(255).
2017-05-26 13:10:26 5256 [ERROR] Incorrect definition of table mysql.column_stats: expected column 'max_value' at position 4 to have type varbinary(255), found type varchar(255).
2017-05-26 13:26:45 5256 [Note] InnoDB: Online DDL : Start
2017-05-26 13:26:45 5256 [Note] InnoDB: Online DDL : Start reading clustered index of the table and create temporary files
2017-05-26 13:26:45 5256 [Note] InnoDB: Online DDL : End of reading clustered index of the table and create temporary files
2017-05-26 13:26:45 5256 [Note] InnoDB: Online DDL : Start merge-sorting index `Studiengang` (1 / 1), estimated cost : 20.0000
2017-05-26 13:26:45 5256 [Note] InnoDB: Online DDL : End of  merge-sorting index `Studiengang` (1 / 1)
2017-05-26 13:26:45 5256 [Note] InnoDB: Online DDL : Start building index `Studiengang` (1 / 1), estimated cost : 30.0000
2017-05-26 13:26:45 5256 [Note] InnoDB: Online DDL : End of building index `Studiengang` (1 / 1)
2017-05-26 13:26:45 5256 [Note] InnoDB: Online DDL : Completed
2017-05-26 13:27:04 12520 [Note] InnoDB: Online DDL : Start
2017-05-26 13:27:04 12520 [Note] InnoDB: Online DDL : Start reading clustered index of the table and create temporary files
2017-05-26 13:27:04 12520 [Note] InnoDB: Online DDL : End of reading clustered index of the table and create temporary files
2017-05-26 13:27:04 12520 [Note] InnoDB: Online DDL : Start merge-sorting index `Modul`--temporary-- (1 / 1), estimated cost : 20.0000
2017-05-26 13:27:04 12520 [Note] InnoDB: Online DDL : End of  merge-sorting index `Modul`--temporary-- (1 / 1)
2017-05-26 13:27:04 12520 [Note] InnoDB: Online DDL : Start building index `Modul`--temporary-- (1 / 1), estimated cost : 30.0000
2017-05-26 13:27:04 12520 [Note] InnoDB: Online DDL : End of building index `Modul`--temporary-- (1 / 1)
2017-05-26 13:27:04 12520 [Note] InnoDB: Online DDL : Start applying row log
2017-05-26 13:27:04 12520 [Note] InnoDB: Online DDL : End of applying row log
2017-05-26 13:27:04 12520 [Note] InnoDB: Online DDL : Completed
2017-05-26 13:27:07 12520 [Note] InnoDB: Online DDL : Start
2017-05-26 13:27:07 12520 [Note] InnoDB: Online DDL : Start reading clustered index of the table and create temporary files
2017-05-26 13:27:07 12520 [Note] InnoDB: Online DDL : End of reading clustered index of the table and create temporary files
2017-05-26 13:27:07 12520 [Note] InnoDB: Online DDL : Start merge-sorting index `Zeitaufwand`--temporary-- (1 / 1), estimated cost : 20.0000
2017-05-26 13:27:07 12520 [Note] InnoDB: Online DDL : End of  merge-sorting index `Zeitaufwand`--temporary-- (1 / 1)
2017-05-26 13:27:07 12520 [Note] InnoDB: Online DDL : Start building index `Zeitaufwand`--temporary-- (1 / 1), estimated cost : 30.0000
2017-05-26 13:27:07 12520 [Note] InnoDB: Online DDL : End of building index `Zeitaufwand`--temporary-- (1 / 1)
2017-05-26 13:27:07 12520 [Note] InnoDB: Online DDL : Start applying row log
2017-05-26 13:27:07 12520 [Note] InnoDB: Online DDL : End of applying row log
2017-05-26 13:27:07 12520 [Note] InnoDB: Online DDL : Completed
2017-05-26 13:27:13 5256 [Note] InnoDB: Online DDL : Start
2017-05-26 13:27:13 5256 [Note] InnoDB: Online DDL : Start reading clustered index of the table and create temporary files
2017-05-26 13:27:13 5256 [Note] InnoDB: Online DDL : End of reading clustered index of the table and create temporary files
2017-05-26 13:27:13 5256 [Note] InnoDB: Online DDL : Start merge-sorting index `Dozent`--temporary-- (1 / 1), estimated cost : 20.0000
2017-05-26 13:27:13 5256 [Note] InnoDB: Online DDL : End of  merge-sorting index `Dozent`--temporary-- (1 / 1)
2017-05-26 13:27:13 5256 [Note] InnoDB: Online DDL : Start building index `Dozent`--temporary-- (1 / 1), estimated cost : 30.0000
2017-05-26 13:27:13 5256 [Note] InnoDB: Online DDL : End of building index `Dozent`--temporary-- (1 / 1)
2017-05-26 13:27:13 5256 [Note] InnoDB: Online DDL : Start applying row log
2017-05-26 13:27:13 5256 [Note] InnoDB: Online DDL : End of applying row log
2017-05-26 13:27:13 5256 [Note] InnoDB: Online DDL : Completed
2017-05-26 13:27:18 5256 [Note] InnoDB: Online DDL : Start
2017-05-26 13:27:18 5256 [Note] InnoDB: Online DDL : Start reading clustered index of the table and create temporary files
2017-05-26 13:27:18 5256 [Note] InnoDB: Online DDL : End of reading clustered index of the table and create temporary files
2017-05-26 13:27:18 5256 [Note] InnoDB: Online DDL : Start merge-sorting index `Sterne`--temporary-- (1 / 1), estimated cost : 20.0000
2017-05-26 13:27:18 5256 [Note] InnoDB: Online DDL : End of  merge-sorting index `Sterne`--temporary-- (1 / 1)
2017-05-26 13:27:18 5256 [Note] InnoDB: Online DDL : Start building index `Sterne`--temporary-- (1 / 1), estimated cost : 30.0000
2017-05-26 13:27:18 5256 [Note] InnoDB: Online DDL : End of building index `Sterne`--temporary-- (1 / 1)
2017-05-26 13:27:18 5256 [Note] InnoDB: Online DDL : Start applying row log
2017-05-26 13:27:18 5256 [Note] InnoDB: Online DDL : End of applying row log
2017-05-26 13:27:18 5256 [Note] InnoDB: Online DDL : Completed
2017-05-26 13:27:57 5256 [Note] InnoDB: Online DDL : Start
2017-05-26 13:27:57 5256 [Note] InnoDB: Online DDL : Start reading clustered index of the table and create temporary files
2017-05-26 13:27:57 5256 [Note] InnoDB: Online DDL : End of reading clustered index of the table and create temporary files
2017-05-26 13:27:57 5256 [Note] InnoDB: Online DDL : Start applying row log
2017-05-26 13:27:57 5256 [Note] InnoDB: Online DDL : End of applying row log
2017-05-26 13:27:57 5256 [Note] InnoDB: Online DDL : Completed
2017-05-26 13:31:06 12520 [Note] InnoDB: Online DDL : Start
2017-05-26 13:31:06 12520 [Note] InnoDB: Online DDL : Start reading clustered index of the table and create temporary files
2017-05-26 13:31:06 12520 [Note] InnoDB: Online DDL : End of reading clustered index of the table and create temporary files
2017-05-26 13:31:06 12520 [Note] InnoDB: Online DDL : Start applying row log
2017-05-26 13:31:06 12520 [Note] InnoDB: Online DDL : End of applying row log
2017-05-26 13:31:06 12520 [Note] InnoDB: Online DDL : Completed
2017-05-26 13:31:22 12520 [Note] InnoDB: Online DDL : Start
2017-05-26 13:31:22 12520 [Note] InnoDB: Online DDL : Start reading clustered index of the table and create temporary files
2017-05-26 13:31:22 12520 [Note] InnoDB: Online DDL : End of reading clustered index of the table and create temporary files
2017-05-26 13:31:22 12520 [Note] InnoDB: Online DDL : Start applying row log
2017-05-26 13:31:22 12520 [Note] InnoDB: Online DDL : End of applying row log
2017-05-26 13:31:22 12520 [Note] InnoDB: Online DDL : Completed
2017-05-26 13:56:24 12520 [Note] InnoDB: Online DDL : Start
2017-05-26 13:56:24 12520 [Note] InnoDB: Online DDL : Start reading clustered index of the table and create temporary files
2017-05-26 13:56:24 12520 [Note] InnoDB: Online DDL : End of reading clustered index of the table and create temporary files
2017-05-26 13:56:24 12520 [Note] InnoDB: Online DDL : Start applying row log
2017-05-26 13:56:24 12520 [Note] InnoDB: Online DDL : End of applying row log
2017-05-26 13:56:24 12520 [Note] InnoDB: Online DDL : Completed
2017-05-26 14:04:09 2258 InnoDB: Warning: Using innodb_additional_mem_pool_size is DEPRECATED. This option may be removed in future releases, together with the option innodb_use_sys_malloc and with the InnoDB's internal memory allocator.
2017-05-26 14:04:09 8792 [Note] InnoDB: innodb_empty_free_list_algorithm has been changed to legacy because of small buffer pool size. In order to use backoff, increase buffer pool at least up to 20MB.

2017-05-26 14:04:09 8792 [Note] InnoDB: Using mutexes to ref count buffer pool pages
2017-05-26 14:04:09 8792 [Note] InnoDB: The InnoDB memory heap is disabled
2017-05-26 14:04:09 8792 [Note] InnoDB: Mutexes and rw_locks use Windows interlocked functions
2017-05-26 14:04:09 8792 [Note] InnoDB: _mm_lfence() and _mm_sfence() are used for memory barrier
2017-05-26 14:04:09 8792 [Note] InnoDB: Compressed tables use zlib 1.2.3
2017-05-26 14:04:09 8792 [Note] InnoDB: Using generic crc32 instructions
2017-05-26 14:04:09 8792 [Note] InnoDB: Initializing buffer pool, size = 16.0M
2017-05-26 14:04:09 8792 [Note] InnoDB: Completed initialization of buffer pool
2017-05-26 14:04:09 8792 [Note] InnoDB: Highest supported file format is Barracuda.
2017-05-26 14:04:09 8792 [Note] InnoDB: The log sequence numbers 1835037 and 1835037 in ibdata files do not match the log sequence number 2104915 in the ib_logfiles!
2017-05-26 14:04:09 8792 [Note] InnoDB: Database was not shutdown normally!
2017-05-26 14:04:09 8792 [Note] InnoDB: Starting crash recovery.
2017-05-26 14:04:09 8792 [Note] InnoDB: Reading tablespace information from the .ibd files...
2017-05-26 14:04:09 8792 [Note] InnoDB: Restoring possible half-written data pages 
2017-05-26 14:04:09 8792 [Note] InnoDB: from the doublewrite buffer...
2017-05-26 14:04:10 8792 [Note] InnoDB: 128 rollback segment(s) are active.
2017-05-26 14:04:10 8792 [Note] InnoDB: Waiting for purge to start
2017-05-26 14:04:10 8792 [Note] InnoDB:  Percona XtraDB (http://www.percona.com) 5.6.34-79.1 started; log sequence number 2104915
2017-05-26 14:04:10 4792 [Note] InnoDB: Dumping buffer pool(s) not yet started
2017-05-26 14:04:10 8792 [Note] Plugin 'FEEDBACK' is disabled.
2017-05-26 14:04:10 8792 [Note] Server socket created on IP: '::'.
2017-05-26 14:04:10 8792 [Note] c:\xampp\mysql\bin\mysqld.exe: ready for connections.
Version: '10.1.21-MariaDB'  socket: ''  port: 3306  mariadb.org binary distribution
