15:59:46  [main] 	Initialisere Control Panel
15:59:46  [main] 	Windows Version:  Enterprise  64-bit
15:59:46  [main] 	XAMPP Version: 5.6.30
15:59:46  [main] 	Control Panel Version: 3.2.2  [ Compiled: Nov 12th 2015 ]
15:59:46  [main] 	Dein Benutzerprofil besitzt keine Administratorenrechte! Das reicht aus für die meisten
15:59:46  [main] 	Anwendungsfunktionen, aber wann immer du etwas mit Windows-Diensten tun möchtest,
15:59:46  [main] 	wird eine Sicherheitsabfrage erscheinen oder etwas wird garnicht erst funktionieren!
15:59:46  [main] 	Also denke daran diese Anwendung mit Administratorrechten zu starten!
15:59:46  [main] 	XAMPP Installationsverzeichnis: "c:\xampp\"
15:59:46  [main] 	Voraussetzungen werden geprüft
15:59:47  [main] 	Alle Voraussetzungen sind erfüllt
15:59:47  [main] 	Initialisiere Module
15:59:47  [Apache] 	Problem festgestellt!
15:59:47  [Apache] 	Port 80 in Benutzung von "C:\Program Files (x86)\Skype\Phone\Skype.exe" (PID 9032)!
15:59:47  [Apache] 	Apache wird NICHT starten, wenn die konfigurierten Ports nicht frei sind!
15:59:47  [Apache] 	Die blockierende Anwendung muss deinstalliert/deaktiviert/rekonfiguriert werden oder
15:59:47  [Apache] 	Apache und das Control Panel müssen auf einen anderen Port zu lauschen
15:59:47  [Apache] 	Problem festgestellt!
15:59:47  [Apache] 	Port 443 in Benutzung von "C:\Program Files (x86)\Skype\Phone\Skype.exe" (PID 9032)!
15:59:47  [Apache] 	Apache wird NICHT starten, wenn die konfigurierten Ports nicht frei sind!
15:59:47  [Apache] 	Die blockierende Anwendung muss deinstalliert/deaktiviert/rekonfiguriert werden oder
15:59:47  [Apache] 	Apache und das Control Panel müssen auf einen anderen Port zu lauschen
15:59:47  [main] 	Das FileZilla Modul ist deaktiviert
15:59:47  [main] 	Das Mercury Modul ist deaktiviert
15:59:47  [main] 	Das Tomcat Modul ist deaktiviert
15:59:47  [main] 	Starte Check-Timer
15:59:47  [main] 	Control Panel bereit
15:59:49  [Apache] 	Problem festgestellt!
15:59:49  [Apache] 	Port 80 in Benutzung von "C:\Program Files (x86)\Skype\Phone\Skype.exe" (PID 9032)!
15:59:49  [Apache] 	Apache wird NICHT starten, wenn die konfigurierten Ports nicht frei sind!
15:59:49  [Apache] 	Die blockierende Anwendung muss deinstalliert/deaktiviert/rekonfiguriert werden oder
15:59:49  [Apache] 	Apache und das Control Panel müssen auf einen anderen Port zu lauschen
15:59:49  [Apache] 	Problem festgestellt!
15:59:49  [Apache] 	Port 443 in Benutzung von "C:\Program Files (x86)\Skype\Phone\Skype.exe" (PID 9032)!
15:59:49  [Apache] 	Apache wird NICHT starten, wenn die konfigurierten Ports nicht frei sind!
15:59:49  [Apache] 	Die blockierende Anwendung muss deinstalliert/deaktiviert/rekonfiguriert werden oder
15:59:49  [Apache] 	Apache und das Control Panel müssen auf einen anderen Port zu lauschen
15:59:49  [Apache] 	Versuche Apache zu starten...
15:59:50  [Apache] 	Statusänderung erkannt: gestartet
15:59:52  [mysql] 	Versuche MySQL zu starten...
15:59:52  [mysql] 	Statusänderung erkannt: gestartet
16:00:04  [main] 	Führe aus: "c:\xampp\"
18:01:21  [Apache] 	stoppe Modul Apache (PID: 4424)
18:01:21  [Apache] 	stoppe Modul Apache (PID: 1176)
18:01:22  [Apache] 	Statusänderung erkannt: gestoppt
18:01:22  [mysql] 	Versuche MySQL zu beenden...
18:01:22  [mysql] 	Statusänderung erkannt: gestoppt
22:19:30  [main] 	Deinitialisiere Module
22:19:30  [main] 	Deinitialisiere Control Panel

20:23:29  [main] 	Initialisere Control Panel
20:23:29  [main] 	Windows Version:  Pro  64-bit
20:23:29  [main] 	XAMPP Version: 5.6.30
20:23:29  [main] 	Control Panel Version: 3.2.2  [ Compiled: Nov 12th 2015 ]
20:23:29  [main] 	Dein Benutzerprofil besitzt keine Administratorenrechte! Das reicht aus für die meisten
20:23:29  [main] 	Anwendungsfunktionen, aber wann immer du etwas mit Windows-Diensten tun möchtest,
20:23:29  [main] 	wird eine Sicherheitsabfrage erscheinen oder etwas wird garnicht erst funktionieren!
20:23:29  [main] 	Also denke daran diese Anwendung mit Administratorrechten zu starten!
20:23:29  [main] 	XAMPP Installationsverzeichnis: "c:\xampp\beuthportal_old\xampp\"
20:23:29  [main] 	Voraussetzungen werden geprüft
20:23:29  [main] 	Alle Voraussetzungen sind erfüllt
20:23:29  [main] 	Initialisiere Module
20:23:29  [main] 	Das FileZilla Modul ist deaktiviert
20:23:29  [main] 	Das Mercury Modul ist deaktiviert
20:23:29  [main] 	Das Tomcat Modul ist deaktiviert
20:23:29  [main] 	Starte Check-Timer
20:23:29  [main] 	Control Panel bereit
20:23:32  [Apache] 	Versuche Apache zu starten...
20:23:32  [Apache] 	Statusänderung erkannt: gestartet
20:23:36  [mysql] 	Versuche MySQL zu starten...
20:23:36  [mysql] 	Statusänderung erkannt: gestartet
20:27:04  [mysql] 	Versuche MySQL zu beenden...
20:27:04  [mysql] 	Statusänderung erkannt: gestoppt
20:27:05  [Apache] 	stoppe Modul Apache (PID: 3348)
20:27:05  [Apache] 	stoppe Modul Apache (PID: 5460)
20:27:05  [Apache] 	Statusänderung erkannt: gestoppt
00:46:26  [main] 	Deinitialisiere Module
00:46:26  [main] 	Deinitialisiere Control Panel

14:47:27  [main] 	Initialisere Control Panel
14:47:27  [main] 	Windows Version:  Pro  64-bit
14:47:27  [main] 	XAMPP Version: 5.6.30
14:47:27  [main] 	Control Panel Version: 3.2.2  [ Compiled: Nov 12th 2015 ]
14:47:27  [main] 	Dein Benutzerprofil besitzt keine Administratorenrechte! Das reicht aus für die meisten
14:47:27  [main] 	Anwendungsfunktionen, aber wann immer du etwas mit Windows-Diensten tun möchtest,
14:47:27  [main] 	wird eine Sicherheitsabfrage erscheinen oder etwas wird garnicht erst funktionieren!
14:47:27  [main] 	Also denke daran diese Anwendung mit Administratorrechten zu starten!
14:47:27  [main] 	XAMPP Installationsverzeichnis: "c:\xampp\beuthportal_old\xampp\"
14:47:27  [main] 	Voraussetzungen werden geprüft
14:47:28  [main] 	Alle Voraussetzungen sind erfüllt
14:47:28  [main] 	Initialisiere Module
14:47:28  [main] 	Das FileZilla Modul ist deaktiviert
14:47:28  [main] 	Das Mercury Modul ist deaktiviert
14:47:28  [main] 	Das Tomcat Modul ist deaktiviert
14:47:28  [main] 	Starte Check-Timer
14:47:28  [main] 	Control Panel bereit
14:47:30  [Apache] 	Versuche Apache zu starten...
14:47:31  [Apache] 	Statusänderung erkannt: gestartet
14:47:31  [mysql] 	Versuche MySQL zu starten...
14:47:36  [mysql] 	Statusänderung erkannt: gestartet
16:10:32  [mysql] 	Versuche MySQL zu beenden...
16:10:33  [mysql] 	Statusänderung erkannt: gestoppt
16:10:34  [Apache] 	stoppe Modul Apache (PID: 9120)
16:10:34  [Apache] 	stoppe Modul Apache (PID: 7376)
16:10:34  [Apache] 	Statusänderung erkannt: gestoppt
16:10:35  [Apache] 	Versuche Apache zu starten...
16:10:36  [Apache] 	Statusänderung erkannt: gestartet
16:10:39  [mysql] 	Versuche MySQL zu starten...
16:10:39  [mysql] 	Statusänderung erkannt: gestartet
17:06:34  [mysql] 	Versuche MySQL zu beenden...
17:06:34  [mysql] 	Statusänderung erkannt: gestoppt
17:06:35  [Apache] 	stoppe Modul Apache (PID: 6176)
17:06:35  [Apache] 	stoppe Modul Apache (PID: 8500)
17:06:35  [Apache] 	Statusänderung erkannt: gestoppt
17:06:46  [mysql] 	Versuche MySQL zu starten...
17:06:46  [mysql] 	Statusänderung erkannt: gestartet
17:06:48  [mysql] 	Versuche MySQL zu beenden...
17:06:48  [mysql] 	Statusänderung erkannt: gestoppt
17:06:49  [Apache] 	Versuche Apache zu starten...
17:06:49  [Apache] 	Statusänderung erkannt: gestartet
17:06:51  [mysql] 	Versuche MySQL zu starten...
17:06:51  [mysql] 	Statusänderung erkannt: gestartet
18:40:21  [mysql] 	Versuche MySQL zu beenden...
18:40:22  [mysql] 	Statusänderung erkannt: gestoppt
18:40:22  [Apache] 	stoppe Modul Apache (PID: 1924)
18:40:22  [Apache] 	stoppe Modul Apache (PID: 6108)
18:40:22  [Apache] 	Statusänderung erkannt: gestoppt
00:58:05  [main] 	Deinitialisiere Module
00:58:05  [main] 	Deinitialisiere Control Panel

